<?xml version="1.0" encoding="UTF-8"?>
<!-- Generated by org.testng.reporters.JUnitReportReporter -->
<testsuite hostname="DESKTOP-OIRFGQC" failures="0" tests="1" name="TheScoreTest" time="14.350" errors="0" timestamp="2024-03-26T17:32:03 EDT" skipped="0">
  <testcase classname="TheScoreTest" name="theScoreTest01" time="14.350"/>
</testsuite> <!-- TheScoreTest -->
